[50158] 2024/02/29 16:23:03.945367 [INF] Starting nats-server
[50158] 2024/02/29 16:23:03.947706 [INF]   Version:  2.10.11
[50158] 2024/02/29 16:23:03.947713 [INF]   Git:      [not set]
[50158] 2024/02/29 16:23:03.947717 [INF]   Name:     NA2CV47R463ECTERSXL63PQB6GGWEBHDJP7KITHAD4DHN3HTVCVNTGZB
[50158] 2024/02/29 16:23:03.947724 [INF]   Node:     qLkJHFgx
[50158] 2024/02/29 16:23:03.947727 [INF]   ID:       NA2CV47R463ECTERSXL63PQB6GGWEBHDJP7KITHAD4DHN3HTVCVNTGZB
[50158] 2024/02/29 16:23:03.949311 [INF] Starting JetStream
[50158] 2024/02/29 16:23:03.950387 [INF]     _ ___ _____ ___ _____ ___ ___   _   __  __
[50158] 2024/02/29 16:23:03.950392 [INF]  _ | | __|_   _/ __|_   _| _ \ __| /_\ |  \/  |
[50158] 2024/02/29 16:23:03.950396 [INF] | || | _|  | | \__ \ | | |   / _| / _ \| |\/| |
[50158] 2024/02/29 16:23:03.950399 [INF]  \__/|___| |_| |___/ |_| |_|_\___/_/ \_\_|  |_|
[50158] 2024/02/29 16:23:03.950414 [INF] 
[50158] 2024/02/29 16:23:03.950420 [INF]          https://docs.nats.io/jetstream
[50158] 2024/02/29 16:23:03.950423 [INF] 
[50158] 2024/02/29 16:23:03.950426 [INF] ---------------- JETSTREAM ----------------
[50158] 2024/02/29 16:23:03.950430 [INF]   Max Memory:      12.00 GB
[50158] 2024/02/29 16:23:03.950433 [INF]   Max Storage:     40.20 GB
[50158] 2024/02/29 16:23:03.950436 [INF]   Store Directory: "/var/folders/fb/ywpvfhp14hvcnjbdbzh3z8wc0000gp/T/nats/jetstream"
[50158] 2024/02/29 16:23:03.950439 [INF] -------------------------------------------
[50158] 2024/02/29 16:23:03.951207 [INF] Listening for client connections on 0.0.0.0:4222
[50158] 2024/02/29 16:23:03.951403 [INF] Server is ready
[50158] 2024/02/29 16:32:02.969713 [ERR] Failed to reload server configuration: can only reload config when a file is provided using -c or --config
[68102] 2024/02/29 16:40:48.565715 [INF] Starting nats-server
[68102] 2024/02/29 16:40:48.567832 [INF]   Version:  2.10.11
[68102] 2024/02/29 16:40:48.567838 [INF]   Git:      [not set]
[68102] 2024/02/29 16:40:48.567841 [INF]   Name:     NBGL6VBKU3ZDMQ5TMALTI232HAHXKO4S27TLKU6GDNYKWVX6PGKLZPNB
[68102] 2024/02/29 16:40:48.567850 [INF]   Node:     VfOnWdRu
[68102] 2024/02/29 16:40:48.567853 [INF]   ID:       NBGL6VBKU3ZDMQ5TMALTI232HAHXKO4S27TLKU6GDNYKWVX6PGKLZPNB
[68102] 2024/02/29 16:40:48.569354 [INF] Starting JetStream
[68102] 2024/02/29 16:40:48.570161 [INF]     _ ___ _____ ___ _____ ___ ___   _   __  __
[68102] 2024/02/29 16:40:48.570168 [INF]  _ | | __|_   _/ __|_   _| _ \ __| /_\ |  \/  |
[68102] 2024/02/29 16:40:48.570171 [INF] | || | _|  | | \__ \ | | |   / _| / _ \| |\/| |
[68102] 2024/02/29 16:40:48.570174 [INF]  \__/|___| |_| |___/ |_| |_|_\___/_/ \_\_|  |_|
[68102] 2024/02/29 16:40:48.570188 [INF] 
[68102] 2024/02/29 16:40:48.570192 [INF]          https://docs.nats.io/jetstream
[68102] 2024/02/29 16:40:48.570195 [INF] 
[68102] 2024/02/29 16:40:48.570198 [INF] ---------------- JETSTREAM ----------------
[68102] 2024/02/29 16:40:48.570202 [INF]   Max Memory:      12.00 GB
[68102] 2024/02/29 16:40:48.570205 [INF]   Max Storage:     40.19 GB
[68102] 2024/02/29 16:40:48.570208 [INF]   Store Directory: "/var/folders/fb/ywpvfhp14hvcnjbdbzh3z8wc0000gp/T/nats/jetstream"
[68102] 2024/02/29 16:40:48.570211 [INF] -------------------------------------------
[68102] 2024/02/29 16:40:48.571017 [INF] Listening for client connections on 0.0.0.0:4222
[68102] 2024/02/29 16:40:48.571207 [INF] Server is ready
[68102] 2024/02/29 16:41:00.111772 [INF] Initiating Shutdown...
[68102] 2024/02/29 16:41:00.111865 [INF] Initiating JetStream Shutdown...
[68102] 2024/02/29 16:41:00.111875 [INF] JetStream Shutdown
[68102] 2024/02/29 16:41:00.112014 [INF] Server Exiting..
